<?xml version="1.0" encoding="UTF-8"?>
<!-- Generated by org.testng.reporters.JUnitReportReporter -->
<testsuite skipped="0" hostname="DESKTOP-RRMLKMT" name="demo.GitDemo" tests="1" failures="0" timestamp="2020-07-22T14:47:36 IST" time="0.122" errors="0">
  <testcase name="test" time="0.122" classname="demo.GitDemo"/>
  <system-out/>
</testsuite> <!-- demo.GitDemo -->
